<?xml version="1.0" encoding="UTF-8"?>
<!-- Generated by org.testng.reporters.JUnitReportReporter -->
<testsuite hostname="konduris-MacBook-Air.local" failures="0" tests="1" name="walmart.mobileautomation.CI_CD.SampleTest" time="0.005" errors="0" timestamp="2025-06-13T03:23:07 IST" skipped="0">
  <testcase classname="walmart.mobileautomation.CI_CD.SampleTest" name="runTest" time="0.005"/>
  <system-out/>
</testsuite> <!-- walmart.mobileautomation.CI_CD.SampleTest -->
