<?xml version="1.0" encoding="UTF-8"?>
<!-- Generated by org.testng.reporters.JUnitReportReporter -->
<testsuite hostname="konduris-MacBook-Air.local" failures="0" tests="1" name="rahulshettyacademy.AppiumBasics" time="6.267" errors="0" timestamp="2025-06-12T15:39:07 IST" skipped="0">
  <testcase classname="rahulshettyacademy.AppiumBasics" name="WifiSettingsName" time="6.267"/>
  <system-out/>
</testsuite> <!-- rahulshettyacademy.AppiumBasics -->
