<?xml version="1.0" encoding="UTF-8"?>
<!-- Generated by org.testng.reporters.JUnitReportReporter -->
<testsuite hostname="konduris-MacBook-Air.local" failures="0" tests="1" name="rahulshettyacademy.gestures.ScrollDemo" time="8.075" errors="0" timestamp="2025-06-12T19:06:42 IST" skipped="0">
  <testcase classname="rahulshettyacademy.gestures.ScrollDemo" name="ScrollDemoTest" time="8.075"/>
  <system-out/>
</testsuite> <!-- rahulshettyacademy.gestures.ScrollDemo -->
