<?xml version="1.0" encoding="UTF-8"?>
<!-- Generated by org.testng.reporters.JUnitReportReporter -->
<testsuite hostname="konduris-MacBook-Air.local" failures="0" tests="1" name="runner.TestRunner" time="0.028" errors="0" timestamp="2025-06-12T23:17:44 IST" skipped="0">
  <testcase classname="runner.TestRunner" name="runScenario" time="0.028"/>
  <system-out/>
</testsuite> <!-- runner.TestRunner -->
