<?xml version="1.0" encoding="UTF-8"?>
<!-- Generated by org.testng.reporters.JUnitReportReporter -->
<testsuite hostname="konduris-MacBook-Air.local" failures="0" tests="1" name="walmart.mobileautomation.utils.DragDropDemo" time="7.488" errors="0" timestamp="2025-06-13T00:42:49 IST" skipped="0">
  <testcase classname="walmart.mobileautomation.utils.DragDropDemo" name="DragDropTest" time="7.488"/>
  <system-out/>
</testsuite> <!-- walmart.mobileautomation.utils.DragDropDemo -->
