<?xml version="1.0" encoding="UTF-8"?>
<!-- Generated by org.testng.reporters.JUnitReportReporter -->
<testsuite hostname="konduris-MacBook-Air.local" failures="0" tests="1" name="rahulshettyacademy.gestures.LongPress" time="7.424" errors="0" timestamp="2025-06-12T22:34:58 IST" skipped="0">
  <testcase classname="rahulshettyacademy.gestures.LongPress" name="LongPressGesture" time="7.424"/>
  <system-out/>
</testsuite> <!-- rahulshettyacademy.gestures.LongPress -->
