<?xml version="1.0" encoding="UTF-8"?>
<!-- Generated by org.testng.reporters.JUnitReportReporter -->
<testsuite hostname="konduris-MacBook-Air.local" failures="0" tests="1" name="rahulshettyacademy.gestures.SwipeDemo" time="6.602" errors="0" timestamp="2025-06-12T19:13:34 IST" skipped="0">
  <testcase classname="rahulshettyacademy.gestures.SwipeDemo" name="SwipeDemoTest" time="6.602"/>
  <system-out/>
</testsuite> <!-- rahulshettyacademy.gestures.SwipeDemo -->
