<?xml version="1.0" encoding="UTF-8"?>
<!-- Generated by org.testng.reporters.JUnitReportReporter -->
<testsuite hostname="konduris-MacBook-Air.local" failures="0" tests="1" name="com.gestures.LongPress" time="7.421" errors="0" timestamp="2025-06-12T23:38:01 IST" skipped="0">
  <testcase classname="com.gestures.LongPress" name="LongPressGesture" time="7.421"/>
  <system-out/>
</testsuite> <!-- com.gestures.LongPress -->
