<?xml version="1.0" encoding="UTF-8"?>
<!-- Generated by org.testng.reporters.JUnitReportReporter -->
<testsuite hostname="konduris-MacBook-Air.local" failures="0" tests="1" name="rahulshettyacademy.gestures.DragDropDemo" time="7.471" errors="0" timestamp="2025-06-12T19:39:36 IST" skipped="0">
  <testcase classname="rahulshettyacademy.gestures.DragDropDemo" name="DragDropTest" time="7.471"/>
  <system-out/>
</testsuite> <!-- rahulshettyacademy.gestures.DragDropDemo -->
