<?xml version="1.0" encoding="UTF-8"?>
<!-- Generated by org.testng.reporters.JUnitReportReporter -->
<testsuite hostname="konduris-MacBook-Air.local" failures="0" tests="1" name="rahulshettyacademy.gestures.MisceallanousAppiumActions" time="9.820" errors="0" timestamp="2025-06-12T20:15:55 IST" skipped="0">
  <testcase classname="rahulshettyacademy.gestures.MisceallanousAppiumActions" name="Miscellanous" time="9.820"/>
  <system-out/>
</testsuite> <!-- rahulshettyacademy.gestures.MisceallanousAppiumActions -->
