<?xml version="1.0" encoding="UTF-8"?>
<!-- Generated by org.testng.reporters.JUnitReportReporter -->
<testsuite hostname="konduris-MacBook-Air.local" failures="0" tests="1" name="walmart.mobileautomation.utils.StartServer" time="16.748" errors="0" timestamp="2025-06-13T04:29:47 IST" skipped="0">
  <testcase classname="walmart.mobileautomation.utils.StartServer" name="StartMyAppiumServer" time="16.748"/>
  <system-out/>
</testsuite> <!-- walmart.mobileautomation.utils.StartServer -->
