<?xml version="1.0" encoding="UTF-8"?>
<!-- Generated by org.testng.reporters.JUnitReportReporter -->
<testsuite hostname="konduris-MacBook-Air.local" failures="0" tests="1" name="walmart.mobileautomation.runners.TestRunner" time="0.056" errors="0" timestamp="2025-06-13T00:17:57 IST" skipped="0">
  <testcase classname="walmart.mobileautomation.runners.TestRunner" name="runScenario" time="0.056"/>
  <system-out/>
</testsuite> <!-- walmart.mobileautomation.runners.TestRunner -->
